Started GET "/" for ::1 at 2020-09-15 22:53:01 -0500
Processing by Rails::WelcomeController#index as HTML
  Rendering .bundle/ruby/2.6.0/gems/railties-6.0.3.3/lib/rails/templates/rails/welcome/index.html.erb
  Rendered .bundle/ruby/2.6.0/gems/railties-6.0.3.3/lib/rails/templates/rails/welcome/index.html.erb (Duration: 7.9ms | Allocations: 422)
Completed 200 OK in 34ms (Views: 18.8ms | ActiveRecord: 0.0ms | Allocations: 2367)


Started GET "/" for ::1 at 2020-09-15 23:02:20 -0500
Processing by Rails::WelcomeController#index as HTML
  Rendering .bundle/ruby/2.6.0/gems/railties-6.0.3.3/lib/rails/templates/rails/welcome/index.html.erb
  Rendered .bundle/ruby/2.6.0/gems/railties-6.0.3.3/lib/rails/templates/rails/welcome/index.html.erb (Duration: 5.3ms | Allocations: 422)
Completed 200 OK in 31ms (Views: 20.6ms | ActiveRecord: 0.0ms | Allocations: 2367)


Started GET "/demo/index" for ::1 at 2020-09-15 23:02:32 -0500
Processing by DemoController#index as HTML
  Rendering demo/index.html.erb
  Rendered demo/index.html.erb (Duration: 0.7ms | Allocations: 82)
Completed 200 OK in 3ms (Views: 1.4ms | ActiveRecord: 0.0ms | Allocations: 758)


Started GET "/" for ::1 at 2020-09-15 23:10:06 -0500
Processing by Rails::WelcomeController#index as HTML
  Rendering .bundle/ruby/2.6.0/gems/railties-6.0.3.3/lib/rails/templates/rails/welcome/index.html.erb
  Rendered .bundle/ruby/2.6.0/gems/railties-6.0.3.3/lib/rails/templates/rails/welcome/index.html.erb (Duration: 5.7ms | Allocations: 422)
Completed 200 OK in 24ms (Views: 14.9ms | ActiveRecord: 0.0ms | Allocations: 2367)


Started GET "/static_page.html" for ::1 at 2020-09-15 23:10:20 -0500
  
ActionController::RoutingError (No route matches [GET] "/static_page.html"):
  
actionpack (6.0.3.3) lib/action_dispatch/middleware/debug_exceptions.rb:36:in `call'
web-console (4.0.4) lib/web_console/middleware.rb:132:in `call_app'
web-console (4.0.4) lib/web_console/middleware.rb:28:in `block in call'
web-console (4.0.4) lib/web_console/middleware.rb:17:in `catch'
web-console (4.0.4) lib/web_console/middleware.rb:17:in `call'
actionpack (6.0.3.3) lib/action_dispatch/middleware/show_exceptions.rb:33:in `call'
railties (6.0.3.3) lib/rails/rack/logger.rb:37:in `call_app'
railties (6.0.3.3) lib/rails/rack/logger.rb:26:in `block in call'
activesupport (6.0.3.3) lib/active_support/tagged_logging.rb:80:in `block in tagged'
activesupport (6.0.3.3) lib/active_support/tagged_logging.rb:28:in `tagged'
activesupport (6.0.3.3) lib/active_support/tagged_logging.rb:80:in `tagged'
railties (6.0.3.3) lib/rails/rack/logger.rb:26:in `call'
sprockets-rails (3.2.2) lib/sprockets/rails/quiet_assets.rb:13:in `call'
actionpack (6.0.3.3) lib/action_dispatch/middleware/remote_ip.rb:81:in `call'
actionpack (6.0.3.3) lib/action_dispatch/middleware/request_id.rb:27:in `call'
rack (2.2.3) lib/rack/method_override.rb:24:in `call'
rack (2.2.3) lib/rack/runtime.rb:22:in `call'
activesupport (6.0.3.3) lib/active_support/cache/strategy/local_cache_middleware.rb:29:in `call'
actionpack (6.0.3.3) lib/action_dispatch/middleware/executor.rb:14:in `call'
actionpack (6.0.3.3) lib/action_dispatch/middleware/static.rb:126:in `call'
rack (2.2.3) lib/rack/sendfile.rb:110:in `call'
actionpack (6.0.3.3) lib/action_dispatch/middleware/host_authorization.rb:82:in `call'
webpacker (4.3.0) lib/webpacker/dev_server_proxy.rb:23:in `perform_request'
rack-proxy (0.6.5) lib/rack/proxy.rb:57:in `call'
railties (6.0.3.3) lib/rails/engine.rb:527:in `call'
puma (4.3.6) lib/puma/configuration.rb:228:in `call'
puma (4.3.6) lib/puma/server.rb:713:in `handle_request'
puma (4.3.6) lib/puma/server.rb:472:in `process_client'
puma (4.3.6) lib/puma/server.rb:328:in `block in run'
puma (4.3.6) lib/puma/thread_pool.rb:134:in `block in spawn_thread'
Started GET "/demo/index" for ::1 at 2020-09-15 23:14:48 -0500
Processing by DemoController#index as HTML
  Rendering demo/index.html.erb
  Rendered demo/index.html.erb (Duration: 2.1ms | Allocations: 311)
Completed 200 OK in 20ms (Views: 8.8ms | ActiveRecord: 0.0ms | Allocations: 2218)


Started GET "/" for ::1 at 2020-09-15 23:16:17 -0500
Processing by Rails::WelcomeController#index as HTML
  Rendering .bundle/ruby/2.6.0/gems/railties-6.0.3.3/lib/rails/templates/rails/welcome/index.html.erb
  Rendered .bundle/ruby/2.6.0/gems/railties-6.0.3.3/lib/rails/templates/rails/welcome/index.html.erb (Duration: 4.9ms | Allocations: 193)
Completed 200 OK in 8ms (Views: 5.7ms | ActiveRecord: 0.0ms | Allocations: 893)


Started GET "/demo/index" for ::1 at 2020-09-15 23:17:53 -0500
Processing by DemoController#index as HTML
  Rendering demo/index.html.erb
  Rendered demo/index.html.erb (Duration: 0.4ms | Allocations: 79)
Completed 200 OK in 3ms (Views: 1.2ms | ActiveRecord: 0.0ms | Allocations: 706)


Started GET "/demo/index" for ::1 at 2020-09-15 23:20:21 -0500
Processing by DemoController#index as HTML
  Rendering demo/index.html.erb
  Rendered demo/index.html.erb (Duration: 3.7ms | Allocations: 311)
Completed 200 OK in 20ms (Views: 10.2ms | ActiveRecord: 0.0ms | Allocations: 2218)


Started GET "/demo" for ::1 at 2020-09-15 23:20:34 -0500
  
ActionController::RoutingError (No route matches [GET] "/demo"):
  
actionpack (6.0.3.3) lib/action_dispatch/middleware/debug_exceptions.rb:36:in `call'
web-console (4.0.4) lib/web_console/middleware.rb:132:in `call_app'
web-console (4.0.4) lib/web_console/middleware.rb:28:in `block in call'
web-console (4.0.4) lib/web_console/middleware.rb:17:in `catch'
web-console (4.0.4) lib/web_console/middleware.rb:17:in `call'
actionpack (6.0.3.3) lib/action_dispatch/middleware/show_exceptions.rb:33:in `call'
railties (6.0.3.3) lib/rails/rack/logger.rb:37:in `call_app'
railties (6.0.3.3) lib/rails/rack/logger.rb:26:in `block in call'
activesupport (6.0.3.3) lib/active_support/tagged_logging.rb:80:in `block in tagged'
activesupport (6.0.3.3) lib/active_support/tagged_logging.rb:28:in `tagged'
activesupport (6.0.3.3) lib/active_support/tagged_logging.rb:80:in `tagged'
railties (6.0.3.3) lib/rails/rack/logger.rb:26:in `call'
sprockets-rails (3.2.2) lib/sprockets/rails/quiet_assets.rb:13:in `call'
actionpack (6.0.3.3) lib/action_dispatch/middleware/remote_ip.rb:81:in `call'
actionpack (6.0.3.3) lib/action_dispatch/middleware/request_id.rb:27:in `call'
rack (2.2.3) lib/rack/method_override.rb:24:in `call'
rack (2.2.3) lib/rack/runtime.rb:22:in `call'
activesupport (6.0.3.3) lib/active_support/cache/strategy/local_cache_middleware.rb:29:in `call'
actionpack (6.0.3.3) lib/action_dispatch/middleware/executor.rb:14:in `call'
actionpack (6.0.3.3) lib/action_dispatch/middleware/static.rb:126:in `call'
rack (2.2.3) lib/rack/sendfile.rb:110:in `call'
actionpack (6.0.3.3) lib/action_dispatch/middleware/host_authorization.rb:82:in `call'
webpacker (4.3.0) lib/webpacker/dev_server_proxy.rb:23:in `perform_request'
rack-proxy (0.6.5) lib/rack/proxy.rb:57:in `call'
railties (6.0.3.3) lib/rails/engine.rb:527:in `call'
puma (4.3.6) lib/puma/configuration.rb:228:in `call'
puma (4.3.6) lib/puma/server.rb:713:in `handle_request'
puma (4.3.6) lib/puma/server.rb:472:in `process_client'
puma (4.3.6) lib/puma/server.rb:328:in `block in run'
puma (4.3.6) lib/puma/thread_pool.rb:134:in `block in spawn_thread'
Started GET "/demo/index" for ::1 at 2020-09-15 23:26:00 -0500
Processing by DemoController#index as HTML
  Rendering demo/index.html.erb
  Rendered demo/index.html.erb (Duration: 0.1ms | Allocations: 5)
Completed 200 OK in 1ms (Views: 0.6ms | ActiveRecord: 0.0ms | Allocations: 327)


Started GET "/demo/index" for ::1 at 2020-09-15 23:27:11 -0500
DEPRECATION WARNING: Using a dynamic :controller segment in a route is deprecated and will be removed in Rails 6.1. (called from block in <top (required)> at C:/Users/Austin/sites/book_collection/config/routes.rb:2)
DEPRECATION WARNING: Using a dynamic :action segment in a route is deprecated and will be removed in Rails 6.1. (called from block in <top (required)> at C:/Users/Austin/sites/book_collection/config/routes.rb:2)
Processing by DemoController#index as HTML
  Rendering demo/index.html.erb
  Rendered demo/index.html.erb (Duration: 0.0ms | Allocations: 5)
Completed 200 OK in 1ms (Views: 0.5ms | ActiveRecord: 0.0ms | Allocations: 484)


Started GET "/demo/index" for ::1 at 2020-09-15 23:27:39 -0500
Processing by DemoController#index as HTML
  Rendering demo/index.html.erb
  Rendered demo/index.html.erb (Duration: 0.0ms | Allocations: 4)
Completed 200 OK in 2ms (Views: 0.8ms | ActiveRecord: 0.0ms | Allocations: 320)


Started GET "/demo" for ::1 at 2020-09-15 23:28:02 -0500
Processing by DemoController#index as HTML
  Rendering demo/index.html.erb
  Rendered demo/index.html.erb (Duration: 0.0ms | Allocations: 4)
Completed 200 OK in 1ms (Views: 0.4ms | ActiveRecord: 0.0ms | Allocations: 320)


Started GET "/" for ::1 at 2020-09-15 23:29:58 -0500
Processing by DemoController#index as HTML
  Rendering demo/index.html.erb
  Rendered demo/index.html.erb (Duration: 0.1ms | Allocations: 5)
Completed 200 OK in 2ms (Views: 0.9ms | ActiveRecord: 0.0ms | Allocations: 479)


Started GET "/" for ::1 at 2020-09-15 23:33:47 -0500
Processing by DemoController#index as HTML
  Rendering demo/index.html.erb
  Rendered demo/index.html.erb (Duration: 0.4ms | Allocations: 85)
Completed 200 OK in 4ms (Views: 1.3ms | ActiveRecord: 0.0ms | Allocations: 715)


Started GET "/demo/index" for ::1 at 2020-09-15 23:33:57 -0500
Processing by DemoController#index as HTML
  Rendering demo/index.html.erb
  Rendered demo/index.html.erb (Duration: 0.0ms | Allocations: 4)
Completed 200 OK in 1ms (Views: 0.4ms | ActiveRecord: 0.0ms | Allocations: 321)


Started GET "/demo/home" for ::1 at 2020-09-15 23:34:04 -0500
Processing by DemoController#home as HTML
  Rendering demo/home.html.erb
  Rendered demo/home.html.erb (Duration: 0.4ms | Allocations: 81)
Completed 200 OK in 2ms (Views: 0.8ms | ActiveRecord: 0.0ms | Allocations: 505)


Started GET "/demo/home" for ::1 at 2020-09-15 23:37:22 -0500
Processing by DemoController#home as HTML
  Rendering demo/index.html.erb
  Rendered demo/index.html.erb (Duration: 0.1ms | Allocations: 4)
Completed 200 OK in 1ms (Views: 0.6ms | ActiveRecord: 0.0ms | Allocations: 456)


Started GET "/demo/index" for ::1 at 2020-09-15 23:37:24 -0500
Processing by DemoController#index as HTML
  Rendering demo/home.html.erb
  Rendered demo/home.html.erb (Duration: 0.0ms | Allocations: 4)
Completed 200 OK in 1ms (Views: 0.7ms | ActiveRecord: 0.0ms | Allocations: 298)


Started GET "/demo/home" for ::1 at 2020-09-15 23:37:40 -0500
Processing by DemoController#home as HTML
  Rendering demo/home.html.erb
  Rendered demo/home.html.erb (Duration: 0.0ms | Allocations: 4)
Completed 200 OK in 1ms (Views: 0.5ms | ActiveRecord: 0.0ms | Allocations: 456)


Started GET "/demo/index" for ::1 at 2020-09-15 23:37:43 -0500
Processing by DemoController#index as HTML
  Rendering demo/index.html.erb
  Rendered demo/index.html.erb (Duration: 0.0ms | Allocations: 4)
Completed 200 OK in 1ms (Views: 0.5ms | ActiveRecord: 0.0ms | Allocations: 298)


Started GET "/" for ::1 at 2020-09-15 23:45:04 -0500
Processing by DemoController#index as HTML
  Rendering demo/index.html.erb
  Rendered demo/index.html.erb (Duration: 2.1ms | Allocations: 312)
Completed 200 OK in 16ms (Views: 14.0ms | ActiveRecord: 0.0ms | Allocations: 2192)


Started GET "/demo/home" for ::1 at 2020-09-15 23:45:10 -0500
Processing by DemoController#home as HTML
  Rendering demo/home.html.erb
  Rendered demo/home.html.erb (Duration: 0.4ms | Allocations: 83)
Completed 200 OK in 2ms (Views: 1.9ms | ActiveRecord: 0.0ms | Allocations: 517)


